Build started 2/7/2011 11:44:30 PM.
     1>Project "C:\Dez\Work\Gamemaking\Visual Studio Projects\Lummute\Lummute\Lummute.vcxproj" on node 2 (build target(s)).
     1>InitializeBuildStatus:
         Touching "Debug\Lummute.unsuccessfulbuild".
       ClCompile:
         C:\Program Files (x86)\Microsoft Visual Studio 10.0\VC\bin\CL.exe /c /ZI /nologo /W3 /WX- /Od /Oy- /D WIN32 /D _DEBUG /D _CONSOLE /D _UNICODE /D UNICODE /Gm /EHsc /RTC1 /MDd /GS /fp:precise /Zc:wchar_t /Zc:forScope /Fo"Debug\\" /Fd"Debug\vc100.pdb" /Gd /TP /analyze- /errorReport:prompt Audio.cpp Calculations.cpp DataStore.cpp Input.cpp Main.cpp Physics.cpp Video.cpp
         Physics.cpp
     1>c:\dez\work\gamemaking\visual studio projects\lummute\lummute\physics.cpp(7): warning C4305: '=' : truncation from 'double' to 'float'
     1>c:\dez\work\gamemaking\visual studio projects\lummute\lummute\physics.cpp(8): warning C4305: '=' : truncation from 'double' to 'float'
         Main.cpp
         Input.cpp
     1>c:\dez\work\gamemaking\visual studio projects\lummute\lummute\input.cpp(24): warning C4244: '=' : conversion from 'int' to 'float', possible loss of data
     1>c:\dez\work\gamemaking\visual studio projects\lummute\lummute\input.cpp(25): warning C4244: '=' : conversion from 'int' to 'float', possible loss of data
     1>c:\dez\work\gamemaking\visual studio projects\lummute\lummute\input.cpp(73): warning C4244: '-=' : conversion from 'float' to 'int', possible loss of data
         DataStore.cpp
     1>c:\dez\work\gamemaking\visual studio projects\lummute\lummute\datastore.cpp(21): warning C4244: '=' : conversion from 'float' to 'int', possible loss of data
         Calculations.cpp
     1>c:\dez\work\gamemaking\visual studio projects\lummute\lummute\calculations.cpp(122): warning C4018: '<' : signed/unsigned mismatch
     1>c:\dez\work\gamemaking\visual studio projects\lummute\lummute\calculations.cpp(139): warning C4018: '<' : signed/unsigned mismatch
     1>c:\dez\work\gamemaking\visual studio projects\lummute\lummute\calculations.cpp(156): warning C4018: '<' : signed/unsigned mismatch
     1>c:\dez\work\gamemaking\visual studio projects\lummute\lummute\calculations.cpp(162): warning C4101: 'jFromPlayer' : unreferenced local variable
     1>c:\dez\work\gamemaking\visual studio projects\lummute\lummute\calculations.cpp(162): warning C4101: 'iFromPlayer' : unreferenced local variable
     1>c:\dez\work\gamemaking\visual studio projects\lummute\lummute\calculations.cpp(191): warning C4018: '<' : signed/unsigned mismatch
     1>c:\dez\work\gamemaking\visual studio projects\lummute\lummute\calculations.cpp(198): warning C4244: '+=' : conversion from 'float' to 'int', possible loss of data
     1>c:\dez\work\gamemaking\visual studio projects\lummute\lummute\calculations.cpp(207): warning C4018: '<' : signed/unsigned mismatch
     1>c:\dez\work\gamemaking\visual studio projects\lummute\lummute\calculations.cpp(211): warning C4018: '<' : signed/unsigned mismatch
     1>c:\dez\work\gamemaking\visual studio projects\lummute\lummute\calculations.cpp(232): warning C4018: '<' : signed/unsigned mismatch
     1>c:\dez\work\gamemaking\visual studio projects\lummute\lummute\calculations.cpp(252): warning C4244: '-=' : conversion from 'float' to 'int', possible loss of data
     1>c:\dez\work\gamemaking\visual studio projects\lummute\lummute\calculations.cpp(270): warning C4244: '=' : conversion from 'const int' to 'float', possible loss of data
     1>c:\dez\work\gamemaking\visual studio projects\lummute\lummute\calculations.cpp(279): warning C4244: '=' : conversion from 'const int' to 'float', possible loss of data
     1>c:\dez\work\gamemaking\visual studio projects\lummute\lummute\calculations.cpp(300): warning C4244: '=' : conversion from 'const int' to 'float', possible loss of data
     1>c:\dez\work\gamemaking\visual studio projects\lummute\lummute\calculations.cpp(309): warning C4244: '=' : conversion from 'const int' to 'float', possible loss of data
     1>c:\dez\work\gamemaking\visual studio projects\lummute\lummute\calculations.cpp(317): warning C4244: 'initializing' : conversion from 'const int' to 'float', possible loss of data
     1>c:\dez\work\gamemaking\visual studio projects\lummute\lummute\calculations.cpp(318): warning C4244: 'initializing' : conversion from 'const int' to 'float', possible loss of data
         Generating Code...
         Compiling...
         Video.cpp
     1>c:\dez\work\gamemaking\visual studio projects\lummute\lummute\video.cpp(31): warning C4244: 'initializing' : conversion from 'int' to 'float', possible loss of data
     1>c:\dez\work\gamemaking\visual studio projects\lummute\lummute\video.cpp(41): warning C4018: '<' : signed/unsigned mismatch
     1>c:\dez\work\gamemaking\visual studio projects\lummute\lummute\video.cpp(53): warning C4018: '<' : signed/unsigned mismatch
     1>c:\dez\work\gamemaking\visual studio projects\lummute\lummute\video.cpp(57): warning C4244: 'argument' : conversion from 'double' to 'float', possible loss of data
     1>c:\dez\work\gamemaking\visual studio projects\lummute\lummute\video.cpp(57): warning C4244: 'argument' : conversion from 'double' to 'float', possible loss of data
     1>c:\dez\work\gamemaking\visual studio projects\lummute\lummute\video.cpp(57): warning C4244: 'argument' : conversion from 'double' to 'float', possible loss of data
     1>c:\dez\work\gamemaking\visual studio projects\lummute\lummute\video.cpp(57): warning C4244: 'argument' : conversion from 'double' to 'float', possible loss of data
     1>c:\dez\work\gamemaking\visual studio projects\lummute\lummute\video.cpp(67): warning C4018: '<' : signed/unsigned mismatch
         Audio.cpp
     1>c:\dez\work\gamemaking\visual studio projects\lummute\lummute\audio.cpp(18): warning C4018: '<' : signed/unsigned mismatch
         Generating Code...
       ManifestResourceCompile:
         All outputs are up-to-date.
       Link:
         C:\Program Files (x86)\Microsoft Visual Studio 10.0\VC\bin\link.exe /ERRORREPORT:PROMPT /OUT:"C:\Dez\Work\Gamemaking\Visual Studio Projects\Lummute\Debug\Lummute.exe" /INCREMENTAL /NOLOGO "sfml-system-s-d.lib" "sfml-window-s-d.lib" "sfml-graphics-s-d.lib" "sfml-audio-s-d.lib" opengl32.lib glu32.lib kernel32.lib user32.lib gdi32.lib winspool.lib comdlg32.lib advapi32.lib shell32.lib ole32.lib oleaut32.lib uuid.lib odbc32.lib odbccp32.lib /MANIFEST /ManifestFile:"Debug\Lummute.exe.intermediate.manifest" /MANIFESTUAC:"level='asInvoker' uiAccess='false'" /DEBUG /PDB:"C:\Dez\Work\Gamemaking\Visual Studio Projects\Lummute\Debug\Lummute.pdb" /SUBSYSTEM:CONSOLE /TLBID:1 /DYNAMICBASE /NXCOMPAT /IMPLIB:"C:\Dez\Work\Gamemaking\Visual Studio Projects\Lummute\Debug\Lummute.lib" /MACHINE:X86 Debug\Lummute.exe.embed.manifest.res
         Debug\Audio.obj
         Debug\Calculations.obj
         Debug\DataStore.obj
         Debug\Input.obj
         Debug\Main.obj
         Debug\Physics.obj
         Debug\Settings.obj
         Debug\Video.obj
     1>LINK : warning LNK4098: defaultlib 'LIBCMT' conflicts with use of other libs; use /NODEFAULTLIB:library
     1>sfml-system-s-d.lib(Platform.obj) : warning LNK4099: PDB 'vc100.pdb' was not found with 'sfml-system-s-d.lib(Platform.obj)' or at 'C:\Dez\Work\Gamemaking\Visual Studio Projects\Lummute\Debug\vc100.pdb'; linking object as if no debug info
     1>sfml-system-s-d.lib(Clock.obj) : warning LNK4099: PDB 'vc100.pdb' was not found with 'sfml-system-s-d.lib(Clock.obj)' or at 'C:\Dez\Work\Gamemaking\Visual Studio Projects\Lummute\Debug\vc100.pdb'; linking object as if no debug info
     1>sfml-system-s-d.lib(Sleep.obj) : warning LNK4099: PDB 'vc100.pdb' was not found with 'sfml-system-s-d.lib(Sleep.obj)' or at 'C:\Dez\Work\Gamemaking\Visual Studio Projects\Lummute\Debug\vc100.pdb'; linking object as if no debug info
     1>sfml-system-s-d.lib(Unicode.obj) : warning LNK4099: PDB 'vc100.pdb' was not found with 'sfml-system-s-d.lib(Unicode.obj)' or at 'C:\Dez\Work\Gamemaking\Visual Studio Projects\Lummute\Debug\vc100.pdb'; linking object as if no debug info
     1>sfml-window-s-d.lib(Joystick.obj) : warning LNK4099: PDB 'vc100.pdb' was not found with 'sfml-window-s-d.lib(Joystick.obj)' or at 'C:\Dez\Work\Gamemaking\Visual Studio Projects\Lummute\Debug\vc100.pdb'; linking object as if no debug info
     1>sfml-window-s-d.lib(VideoModeSupport.obj) : warning LNK4099: PDB 'vc100.pdb' was not found with 'sfml-window-s-d.lib(VideoModeSupport.obj)' or at 'C:\Dez\Work\Gamemaking\Visual Studio Projects\Lummute\Debug\vc100.pdb'; linking object as if no debug info
     1>sfml-window-s-d.lib(WindowImplWin32.obj) : warning LNK4099: PDB 'vc100.pdb' was not found with 'sfml-window-s-d.lib(WindowImplWin32.obj)' or at 'C:\Dez\Work\Gamemaking\Visual Studio Projects\Lummute\Debug\vc100.pdb'; linking object as if no debug info
     1>sfml-window-s-d.lib(Context.obj) : warning LNK4099: PDB 'vc100.pdb' was not found with 'sfml-window-s-d.lib(Context.obj)' or at 'C:\Dez\Work\Gamemaking\Visual Studio Projects\Lummute\Debug\vc100.pdb'; linking object as if no debug info
     1>sfml-window-s-d.lib(Input.obj) : warning LNK4099: PDB 'vc100.pdb' was not found with 'sfml-window-s-d.lib(Input.obj)' or at 'C:\Dez\Work\Gamemaking\Visual Studio Projects\Lummute\Debug\vc100.pdb'; linking object as if no debug info
     1>sfml-window-s-d.lib(VideoMode.obj) : warning LNK4099: PDB 'vc100.pdb' was not found with 'sfml-window-s-d.lib(VideoMode.obj)' or at 'C:\Dez\Work\Gamemaking\Visual Studio Projects\Lummute\Debug\vc100.pdb'; linking object as if no debug info
     1>sfml-window-s-d.lib(Window.obj) : warning LNK4099: PDB 'vc100.pdb' was not found with 'sfml-window-s-d.lib(Window.obj)' or at 'C:\Dez\Work\Gamemaking\Visual Studio Projects\Lummute\Debug\vc100.pdb'; linking object as if no debug info
     1>sfml-window-s-d.lib(WindowImpl.obj) : warning LNK4099: PDB 'vc100.pdb' was not found with 'sfml-window-s-d.lib(WindowImpl.obj)' or at 'C:\Dez\Work\Gamemaking\Visual Studio Projects\Lummute\Debug\vc100.pdb'; linking object as if no debug info
     1>sfml-graphics-s-d.lib(adler32.obj) : warning LNK4099: PDB 'vc100.pdb' was not found with 'sfml-graphics-s-d.lib(adler32.obj)' or at 'C:\Dez\Work\Gamemaking\Visual Studio Projects\Lummute\Debug\vc100.pdb'; linking object as if no debug info
     1>sfml-graphics-s-d.lib(compress.obj) : warning LNK4099: PDB 'vc100.pdb' was not found with 'sfml-graphics-s-d.lib(compress.obj)' or at 'C:\Dez\Work\Gamemaking\Visual Studio Projects\Lummute\Debug\vc100.pdb'; linking object as if no debug info
     1>sfml-graphics-s-d.lib(crc32.obj) : warning LNK4099: PDB 'vc100.pdb' was not found with 'sfml-graphics-s-d.lib(crc32.obj)' or at 'C:\Dez\Work\Gamemaking\Visual Studio Projects\Lummute\Debug\vc100.pdb'; linking object as if no debug info
     1>sfml-graphics-s-d.lib(deflate.obj) : warning LNK4099: PDB 'vc100.pdb' was not found with 'sfml-graphics-s-d.lib(deflate.obj)' or at 'C:\Dez\Work\Gamemaking\Visual Studio Projects\Lummute\Debug\vc100.pdb'; linking object as if no debug info
     1>sfml-graphics-s-d.lib(inffast.obj) : warning LNK4099: PDB 'vc100.pdb' was not found with 'sfml-graphics-s-d.lib(inffast.obj)' or at 'C:\Dez\Work\Gamemaking\Visual Studio Projects\Lummute\Debug\vc100.pdb'; linking object as if no debug info
     1>sfml-graphics-s-d.lib(inflate.obj) : warning LNK4099: PDB 'vc100.pdb' was not found with 'sfml-graphics-s-d.lib(inflate.obj)' or at 'C:\Dez\Work\Gamemaking\Visual Studio Projects\Lummute\Debug\vc100.pdb'; linking object as if no debug info
     1>sfml-graphics-s-d.lib(inftrees.obj) : warning LNK4099: PDB 'vc100.pdb' was not found with 'sfml-graphics-s-d.lib(inftrees.obj)' or at 'C:\Dez\Work\Gamemaking\Visual Studio Projects\Lummute\Debug\vc100.pdb'; linking object as if no debug info
     1>sfml-graphics-s-d.lib(trees.obj) : warning LNK4099: PDB 'vc100.pdb' was not found with 'sfml-graphics-s-d.lib(trees.obj)' or at 'C:\Dez\Work\Gamemaking\Visual Studio Projects\Lummute\Debug\vc100.pdb'; linking object as if no debug info
     1>sfml-graphics-s-d.lib(zutil.obj) : warning LNK4099: PDB 'vc100.pdb' was not found with 'sfml-graphics-s-d.lib(zutil.obj)' or at 'C:\Dez\Work\Gamemaking\Visual Studio Projects\Lummute\Debug\vc100.pdb'; linking object as if no debug info
     1>sfml-graphics-s-d.lib(png.obj) : warning LNK4099: PDB 'vc100.pdb' was not found with 'sfml-graphics-s-d.lib(png.obj)' or at 'C:\Dez\Work\Gamemaking\Visual Studio Projects\Lummute\Debug\vc100.pdb'; linking object as if no debug info
     1>sfml-graphics-s-d.lib(pngerror.obj) : warning LNK4099: PDB 'vc100.pdb' was not found with 'sfml-graphics-s-d.lib(pngerror.obj)' or at 'C:\Dez\Work\Gamemaking\Visual Studio Projects\Lummute\Debug\vc100.pdb'; linking object as if no debug info
     1>sfml-graphics-s-d.lib(pngmem.obj) : warning LNK4099: PDB 'vc100.pdb' was not found with 'sfml-graphics-s-d.lib(pngmem.obj)' or at 'C:\Dez\Work\Gamemaking\Visual Studio Projects\Lummute\Debug\vc100.pdb'; linking object as if no debug info
     1>sfml-graphics-s-d.lib(pngset.obj) : warning LNK4099: PDB 'vc100.pdb' was not found with 'sfml-graphics-s-d.lib(pngset.obj)' or at 'C:\Dez\Work\Gamemaking\Visual Studio Projects\Lummute\Debug\vc100.pdb'; linking object as if no debug info
     1>sfml-graphics-s-d.lib(pngtrans.obj) : warning LNK4099: PDB 'vc100.pdb' was not found with 'sfml-graphics-s-d.lib(pngtrans.obj)' or at 'C:\Dez\Work\Gamemaking\Visual Studio Projects\Lummute\Debug\vc100.pdb'; linking object as if no debug info
     1>sfml-graphics-s-d.lib(pngwio.obj) : warning LNK4099: PDB 'vc100.pdb' was not found with 'sfml-graphics-s-d.lib(pngwio.obj)' or at 'C:\Dez\Work\Gamemaking\Visual Studio Projects\Lummute\Debug\vc100.pdb'; linking object as if no debug info
     1>sfml-graphics-s-d.lib(pngwrite.obj) : warning LNK4099: PDB 'vc100.pdb' was not found with 'sfml-graphics-s-d.lib(pngwrite.obj)' or at 'C:\Dez\Work\Gamemaking\Visual Studio Projects\Lummute\Debug\vc100.pdb'; linking object as if no debug info
     1>sfml-graphics-s-d.lib(pngwtran.obj) : warning LNK4099: PDB 'vc100.pdb' was not found with 'sfml-graphics-s-d.lib(pngwtran.obj)' or at 'C:\Dez\Work\Gamemaking\Visual Studio Projects\Lummute\Debug\vc100.pdb'; linking object as if no debug info
     1>sfml-graphics-s-d.lib(pngwutil.obj) : warning LNK4099: PDB 'vc100.pdb' was not found with 'sfml-graphics-s-d.lib(pngwutil.obj)' or at 'C:\Dez\Work\Gamemaking\Visual Studio Projects\Lummute\Debug\vc100.pdb'; linking object as if no debug info
     1>sfml-graphics-s-d.lib(image_DXT.obj) : warning LNK4099: PDB 'vc100.pdb' was not found with 'sfml-graphics-s-d.lib(image_DXT.obj)' or at 'C:\Dez\Work\Gamemaking\Visual Studio Projects\Lummute\Debug\vc100.pdb'; linking object as if no debug info
     1>sfml-graphics-s-d.lib(SOIL.obj) : warning LNK4099: PDB 'vc100.pdb' was not found with 'sfml-graphics-s-d.lib(SOIL.obj)' or at 'C:\Dez\Work\Gamemaking\Visual Studio Projects\Lummute\Debug\vc100.pdb'; linking object as if no debug info
     1>sfml-graphics-s-d.lib(stb_image_aug.obj) : warning LNK4099: PDB 'vc100.pdb' was not found with 'sfml-graphics-s-d.lib(stb_image_aug.obj)' or at 'C:\Dez\Work\Gamemaking\Visual Studio Projects\Lummute\Debug\vc100.pdb'; linking object as if no debug info
     1>sfml-graphics-s-d.lib(jcapimin.obj) : warning LNK4099: PDB 'vc100.pdb' was not found with 'sfml-graphics-s-d.lib(jcapimin.obj)' or at 'C:\Dez\Work\Gamemaking\Visual Studio Projects\Lummute\Debug\vc100.pdb'; linking object as if no debug info
     1>sfml-graphics-s-d.lib(jcapistd.obj) : warning LNK4099: PDB 'vc100.pdb' was not found with 'sfml-graphics-s-d.lib(jcapistd.obj)' or at 'C:\Dez\Work\Gamemaking\Visual Studio Projects\Lummute\Debug\vc100.pdb'; linking object as if no debug info
     1>sfml-graphics-s-d.lib(jccoefct.obj) : warning LNK4099: PDB 'vc100.pdb' was not found with 'sfml-graphics-s-d.lib(jccoefct.obj)' or at 'C:\Dez\Work\Gamemaking\Visual Studio Projects\Lummute\Debug\vc100.pdb'; linking object as if no debug info
     1>sfml-graphics-s-d.lib(jccolor.obj) : warning LNK4099: PDB 'vc100.pdb' was not found with 'sfml-graphics-s-d.lib(jccolor.obj)' or at 'C:\Dez\Work\Gamemaking\Visual Studio Projects\Lummute\Debug\vc100.pdb'; linking object as if no debug info
     1>sfml-graphics-s-d.lib(jcdctmgr.obj) : warning LNK4099: PDB 'vc100.pdb' was not found with 'sfml-graphics-s-d.lib(jcdctmgr.obj)' or at 'C:\Dez\Work\Gamemaking\Visual Studio Projects\Lummute\Debug\vc100.pdb'; linking object as if no debug info
     1>sfml-graphics-s-d.lib(jchuff.obj) : warning LNK4099: PDB 'vc100.pdb' was not found with 'sfml-graphics-s-d.lib(jchuff.obj)' or at 'C:\Dez\Work\Gamemaking\Visual Studio Projects\Lummute\Debug\vc100.pdb'; linking object as if no debug info
     1>sfml-graphics-s-d.lib(jcinit.obj) : warning LNK4099: PDB 'vc100.pdb' was not found with 'sfml-graphics-s-d.lib(jcinit.obj)' or at 'C:\Dez\Work\Gamemaking\Visual Studio Projects\Lummute\Debug\vc100.pdb'; linking object as if no debug info
     1>sfml-graphics-s-d.lib(jcmainct.obj) : warning LNK4099: PDB 'vc100.pdb' was not found with 'sfml-graphics-s-d.lib(jcmainct.obj)' or at 'C:\Dez\Work\Gamemaking\Visual Studio Projects\Lummute\Debug\vc100.pdb'; linking object as if no debug info
     1>sfml-graphics-s-d.lib(jcmarker.obj) : warning LNK4099: PDB 'vc100.pdb' was not found with 'sfml-graphics-s-d.lib(jcmarker.obj)' or at 'C:\Dez\Work\Gamemaking\Visual Studio Projects\Lummute\Debug\vc100.pdb'; linking object as if no debug info
     1>sfml-graphics-s-d.lib(jcmaster.obj) : warning LNK4099: PDB 'vc100.pdb' was not found with 'sfml-graphics-s-d.lib(jcmaster.obj)' or at 'C:\Dez\Work\Gamemaking\Visual Studio Projects\Lummute\Debug\vc100.pdb'; linking object as if no debug info
     1>sfml-graphics-s-d.lib(jcomapi.obj) : warning LNK4099: PDB 'vc100.pdb' was not found with 'sfml-graphics-s-d.lib(jcomapi.obj)' or at 'C:\Dez\Work\Gamemaking\Visual Studio Projects\Lummute\Debug\vc100.pdb'; linking object as if no debug info
     1>sfml-graphics-s-d.lib(jcparam.obj) : warning LNK4099: PDB 'vc100.pdb' was not found with 'sfml-graphics-s-d.lib(jcparam.obj)' or at 'C:\Dez\Work\Gamemaking\Visual Studio Projects\Lummute\Debug\vc100.pdb'; linking object as if no debug info
     1>sfml-graphics-s-d.lib(jcphuff.obj) : warning LNK4099: PDB 'vc100.pdb' was not found with 'sfml-graphics-s-d.lib(jcphuff.obj)' or at 'C:\Dez\Work\Gamemaking\Visual Studio Projects\Lummute\Debug\vc100.pdb'; linking object as if no debug info
     1>sfml-graphics-s-d.lib(jcprepct.obj) : warning LNK4099: PDB 'vc100.pdb' was not found with 'sfml-graphics-s-d.lib(jcprepct.obj)' or at 'C:\Dez\Work\Gamemaking\Visual Studio Projects\Lummute\Debug\vc100.pdb'; linking object as if no debug info
     1>sfml-graphics-s-d.lib(jcsample.obj) : warning LNK4099: PDB 'vc100.pdb' was not found with 'sfml-graphics-s-d.lib(jcsample.obj)' or at 'C:\Dez\Work\Gamemaking\Visual Studio Projects\Lummute\Debug\vc100.pdb'; linking object as if no debug info
     1>sfml-graphics-s-d.lib(jdatadst.obj) : warning LNK4099: PDB 'vc100.pdb' was not found with 'sfml-graphics-s-d.lib(jdatadst.obj)' or at 'C:\Dez\Work\Gamemaking\Visual Studio Projects\Lummute\Debug\vc100.pdb'; linking object as if no debug info
     1>sfml-graphics-s-d.lib(jerror.obj) : warning LNK4099: PDB 'vc100.pdb' was not found with 'sfml-graphics-s-d.lib(jerror.obj)' or at 'C:\Dez\Work\Gamemaking\Visual Studio Projects\Lummute\Debug\vc100.pdb'; linking object as if no debug info
     1>sfml-graphics-s-d.lib(jfdctflt.obj) : warning LNK4099: PDB 'vc100.pdb' was not found with 'sfml-graphics-s-d.lib(jfdctflt.obj)' or at 'C:\Dez\Work\Gamemaking\Visual Studio Projects\Lummute\Debug\vc100.pdb'; linking object as if no debug info
     1>sfml-graphics-s-d.lib(jfdctfst.obj) : warning LNK4099: PDB 'vc100.pdb' was not found with 'sfml-graphics-s-d.lib(jfdctfst.obj)' or at 'C:\Dez\Work\Gamemaking\Visual Studio Projects\Lummute\Debug\vc100.pdb'; linking object as if no debug info
     1>sfml-graphics-s-d.lib(jfdctint.obj) : warning LNK4099: PDB 'vc100.pdb' was not found with 'sfml-graphics-s-d.lib(jfdctint.obj)' or at 'C:\Dez\Work\Gamemaking\Visual Studio Projects\Lummute\Debug\vc100.pdb'; linking object as if no debug info
     1>sfml-graphics-s-d.lib(jmemmgr.obj) : warning LNK4099: PDB 'vc100.pdb' was not found with 'sfml-graphics-s-d.lib(jmemmgr.obj)' or at 'C:\Dez\Work\Gamemaking\Visual Studio Projects\Lummute\Debug\vc100.pdb'; linking object as if no debug info
     1>sfml-graphics-s-d.lib(jmemnobs.obj) : warning LNK4099: PDB 'vc100.pdb' was not found with 'sfml-graphics-s-d.lib(jmemnobs.obj)' or at 'C:\Dez\Work\Gamemaking\Visual Studio Projects\Lummute\Debug\vc100.pdb'; linking object as if no debug info
     1>sfml-graphics-s-d.lib(jutils.obj) : warning LNK4099: PDB 'vc100.pdb' was not found with 'sfml-graphics-s-d.lib(jutils.obj)' or at 'C:\Dez\Work\Gamemaking\Visual Studio Projects\Lummute\Debug\vc100.pdb'; linking object as if no debug info
     1>sfml-graphics-s-d.lib(glew.obj) : warning LNK4099: PDB 'vc100.pdb' was not found with 'sfml-graphics-s-d.lib(glew.obj)' or at 'C:\Dez\Work\Gamemaking\Visual Studio Projects\Lummute\Debug\vc100.pdb'; linking object as if no debug info
     1>sfml-graphics-s-d.lib(Color.obj) : warning LNK4099: PDB 'vc100.pdb' was not found with 'sfml-graphics-s-d.lib(Color.obj)' or at 'C:\Dez\Work\Gamemaking\Visual Studio Projects\Lummute\Debug\vc100.pdb'; linking object as if no debug info
     1>sfml-graphics-s-d.lib(Drawable.obj) : warning LNK4099: PDB 'vc100.pdb' was not found with 'sfml-graphics-s-d.lib(Drawable.obj)' or at 'C:\Dez\Work\Gamemaking\Visual Studio Projects\Lummute\Debug\vc100.pdb'; linking object as if no debug info
     1>sfml-graphics-s-d.lib(Font.obj) : warning LNK4099: PDB 'vc100.pdb' was not found with 'sfml-graphics-s-d.lib(Font.obj)' or at 'C:\Dez\Work\Gamemaking\Visual Studio Projects\Lummute\Debug\vc100.pdb'; linking object as if no debug info
     1>sfml-graphics-s-d.lib(FontLoader.obj) : warning LNK4099: PDB 'vc100.pdb' was not found with 'sfml-graphics-s-d.lib(FontLoader.obj)' or at 'C:\Dez\Work\Gamemaking\Visual Studio Projects\Lummute\Debug\vc100.pdb'; linking object as if no debug info
     1>sfml-graphics-s-d.lib(GraphicsContext.obj) : warning LNK4099: PDB 'vc100.pdb' was not found with 'sfml-graphics-s-d.lib(GraphicsContext.obj)' or at 'C:\Dez\Work\Gamemaking\Visual Studio Projects\Lummute\Debug\vc100.pdb'; linking object as if no debug info
     1>sfml-graphics-s-d.lib(Image.obj) : warning LNK4099: PDB 'vc100.pdb' was not found with 'sfml-graphics-s-d.lib(Image.obj)' or at 'C:\Dez\Work\Gamemaking\Visual Studio Projects\Lummute\Debug\vc100.pdb'; linking object as if no debug info
     1>sfml-graphics-s-d.lib(ImageLoader.obj) : warning LNK4099: PDB 'vc100.pdb' was not found with 'sfml-graphics-s-d.lib(ImageLoader.obj)' or at 'C:\Dez\Work\Gamemaking\Visual Studio Projects\Lummute\Debug\vc100.pdb'; linking object as if no debug info
     1>sfml-graphics-s-d.lib(Matrix3.obj) : warning LNK4099: PDB 'vc100.pdb' was not found with 'sfml-graphics-s-d.lib(Matrix3.obj)' or at 'C:\Dez\Work\Gamemaking\Visual Studio Projects\Lummute\Debug\vc100.pdb'; linking object as if no debug info
     1>sfml-graphics-s-d.lib(RenderTarget.obj) : warning LNK4099: PDB 'vc100.pdb' was not found with 'sfml-graphics-s-d.lib(RenderTarget.obj)' or at 'C:\Dez\Work\Gamemaking\Visual Studio Projects\Lummute\Debug\vc100.pdb'; linking object as if no debug info
     1>sfml-graphics-s-d.lib(RenderWindow.obj) : warning LNK4099: PDB 'vc100.pdb' was not found with 'sfml-graphics-s-d.lib(RenderWindow.obj)' or at 'C:\Dez\Work\Gamemaking\Visual Studio Projects\Lummute\Debug\vc100.pdb'; linking object as if no debug info
     1>sfml-graphics-s-d.lib(Shape.obj) : warning LNK4099: PDB 'vc100.pdb' was not found with 'sfml-graphics-s-d.lib(Shape.obj)' or at 'C:\Dez\Work\Gamemaking\Visual Studio Projects\Lummute\Debug\vc100.pdb'; linking object as if no debug info
     1>sfml-graphics-s-d.lib(String.obj) : warning LNK4099: PDB 'vc100.pdb' was not found with 'sfml-graphics-s-d.lib(String.obj)' or at 'C:\Dez\Work\Gamemaking\Visual Studio Projects\Lummute\Debug\vc100.pdb'; linking object as if no debug info
     1>sfml-graphics-s-d.lib(View.obj) : warning LNK4099: PDB 'vc100.pdb' was not found with 'sfml-graphics-s-d.lib(View.obj)' or at 'C:\Dez\Work\Gamemaking\Visual Studio Projects\Lummute\Debug\vc100.pdb'; linking object as if no debug info
     1>sfml-audio-s-d.lib(stb_vorbis.obj) : warning LNK4099: PDB 'vc100.pdb' was not found with 'sfml-audio-s-d.lib(stb_vorbis.obj)' or at 'C:\Dez\Work\Gamemaking\Visual Studio Projects\Lummute\Debug\vc100.pdb'; linking object as if no debug info
     1>sfml-audio-s-d.lib(AudioDevice.obj) : warning LNK4099: PDB 'vc100.pdb' was not found with 'sfml-audio-s-d.lib(AudioDevice.obj)' or at 'C:\Dez\Work\Gamemaking\Visual Studio Projects\Lummute\Debug\vc100.pdb'; linking object as if no debug info
     1>sfml-audio-s-d.lib(AudioResource.obj) : warning LNK4099: PDB 'vc100.pdb' was not found with 'sfml-audio-s-d.lib(AudioResource.obj)' or at 'C:\Dez\Work\Gamemaking\Visual Studio Projects\Lummute\Debug\vc100.pdb'; linking object as if no debug info
     1>sfml-audio-s-d.lib(Listener.obj) : warning LNK4099: PDB 'vc100.pdb' was not found with 'sfml-audio-s-d.lib(Listener.obj)' or at 'C:\Dez\Work\Gamemaking\Visual Studio Projects\Lummute\Debug\vc100.pdb'; linking object as if no debug info
     1>sfml-audio-s-d.lib(Sound.obj) : warning LNK4099: PDB 'vc100.pdb' was not found with 'sfml-audio-s-d.lib(Sound.obj)' or at 'C:\Dez\Work\Gamemaking\Visual Studio Projects\Lummute\Debug\vc100.pdb'; linking object as if no debug info
     1>sfml-audio-s-d.lib(SoundBuffer.obj) : warning LNK4099: PDB 'vc100.pdb' was not found with 'sfml-audio-s-d.lib(SoundBuffer.obj)' or at 'C:\Dez\Work\Gamemaking\Visual Studio Projects\Lummute\Debug\vc100.pdb'; linking object as if no debug info
     1>sfml-audio-s-d.lib(SoundFile.obj) : warning LNK4099: PDB 'vc100.pdb' was not found with 'sfml-audio-s-d.lib(SoundFile.obj)' or at 'C:\Dez\Work\Gamemaking\Visual Studio Projects\Lummute\Debug\vc100.pdb'; linking object as if no debug info
     1>sfml-audio-s-d.lib(SoundFileDefault.obj) : warning LNK4099: PDB 'vc100.pdb' was not found with 'sfml-audio-s-d.lib(SoundFileDefault.obj)' or at 'C:\Dez\Work\Gamemaking\Visual Studio Projects\Lummute\Debug\vc100.pdb'; linking object as if no debug info
     1>sfml-audio-s-d.lib(SoundFileOgg.obj) : warning LNK4099: PDB 'vc100.pdb' was not found with 'sfml-audio-s-d.lib(SoundFileOgg.obj)' or at 'C:\Dez\Work\Gamemaking\Visual Studio Projects\Lummute\Debug\vc100.pdb'; linking object as if no debug info
       Manifest:
         C:\Program Files (x86)\Microsoft SDKs\Windows\v7.0A\bin\mt.exe /nologo /verbose /out:"Debug\Lummute.exe.embed.manifest" /manifest Debug\Lummute.exe.intermediate.manifest
         All outputs are up-to-date.
       LinkEmbedManifest:
         All outputs are up-to-date.
         Lummute.vcxproj -> C:\Dez\Work\Gamemaking\Visual Studio Projects\Lummute\Debug\Lummute.exe
       FinalizeBuildStatus:
         Deleting file "Debug\Lummute.unsuccessfulbuild".
         Touching "Debug\Lummute.lastbuildstate".
     1>Done Building Project "C:\Dez\Work\Gamemaking\Visual Studio Projects\Lummute\Lummute\Lummute.vcxproj" (build target(s)).

Build succeeded.

Time Elapsed 00:00:07.90
