C:\Dez\Work\Gamemaking\Visual Studio Projects\Lummute\Debug\Lummute.pdb
C:\DEZ\WORK\GAMEMAKING\VISUAL STUDIO PROJECTS\LUMMUTE\LUMMUTE\DEBUG\AUDIO.OBJ
C:\DEZ\WORK\GAMEMAKING\VISUAL STUDIO PROJECTS\LUMMUTE\LUMMUTE\DEBUG\CALCULATIONS.OBJ
C:\Dez\Work\Gamemaking\Visual Studio Projects\Lummute\Lummute\Debug\cl.command.1.tlog
C:\Dez\Work\Gamemaking\Visual Studio Projects\Lummute\Lummute\Debug\CL.read.1.tlog
C:\Dez\Work\Gamemaking\Visual Studio Projects\Lummute\Lummute\Debug\CL.write.1.tlog
C:\DEZ\WORK\GAMEMAKING\VISUAL STUDIO PROJECTS\LUMMUTE\LUMMUTE\DEBUG\DATASTORE.OBJ
C:\DEZ\WORK\GAMEMAKING\VISUAL STUDIO PROJECTS\LUMMUTE\LUMMUTE\DEBUG\INPUT.OBJ
C:\Dez\Work\Gamemaking\Visual Studio Projects\Lummute\Lummute\Debug\link.1136.read.1.tlog
C:\Dez\Work\Gamemaking\Visual Studio Projects\Lummute\Lummute\Debug\link.1136.write.1.tlog
C:\Dez\Work\Gamemaking\Visual Studio Projects\Lummute\Lummute\Debug\link.1136-cvtres.read.1.tlog
C:\Dez\Work\Gamemaking\Visual Studio Projects\Lummute\Lummute\Debug\link.1136-cvtres.write.1.tlog
C:\Dez\Work\Gamemaking\Visual Studio Projects\Lummute\Lummute\Debug\link.1188.read.1.tlog
C:\Dez\Work\Gamemaking\Visual Studio Projects\Lummute\Lummute\Debug\link.1188.write.1.tlog
C:\Dez\Work\Gamemaking\Visual Studio Projects\Lummute\Lummute\Debug\link.1188-cvtres.read.1.tlog
C:\Dez\Work\Gamemaking\Visual Studio Projects\Lummute\Lummute\Debug\link.1188-cvtres.write.1.tlog
C:\Dez\Work\Gamemaking\Visual Studio Projects\Lummute\Lummute\Debug\link.1284.read.1.tlog
C:\Dez\Work\Gamemaking\Visual Studio Projects\Lummute\Lummute\Debug\link.1284.write.1.tlog
C:\Dez\Work\Gamemaking\Visual Studio Projects\Lummute\Lummute\Debug\link.1284-cvtres.read.1.tlog
C:\Dez\Work\Gamemaking\Visual Studio Projects\Lummute\Lummute\Debug\link.1284-cvtres.write.1.tlog
C:\Dez\Work\Gamemaking\Visual Studio Projects\Lummute\Lummute\Debug\link.2164.read.1.tlog
C:\Dez\Work\Gamemaking\Visual Studio Projects\Lummute\Lummute\Debug\link.2164.write.1.tlog
C:\Dez\Work\Gamemaking\Visual Studio Projects\Lummute\Lummute\Debug\link.2164-cvtres.read.1.tlog
C:\Dez\Work\Gamemaking\Visual Studio Projects\Lummute\Lummute\Debug\link.2164-cvtres.write.1.tlog
C:\Dez\Work\Gamemaking\Visual Studio Projects\Lummute\Lummute\Debug\link.2308.read.1.tlog
C:\Dez\Work\Gamemaking\Visual Studio Projects\Lummute\Lummute\Debug\link.2308.read.2.tlog
C:\Dez\Work\Gamemaking\Visual Studio Projects\Lummute\Lummute\Debug\link.2308.write.1.tlog
C:\Dez\Work\Gamemaking\Visual Studio Projects\Lummute\Lummute\Debug\link.2308-cvtres.read.1.tlog
C:\Dez\Work\Gamemaking\Visual Studio Projects\Lummute\Lummute\Debug\link.2308-cvtres.write.1.tlog
C:\Dez\Work\Gamemaking\Visual Studio Projects\Lummute\Lummute\Debug\link.2376.read.1.tlog
C:\Dez\Work\Gamemaking\Visual Studio Projects\Lummute\Lummute\Debug\link.2376.read.2.tlog
C:\Dez\Work\Gamemaking\Visual Studio Projects\Lummute\Lummute\Debug\link.2376.write.1.tlog
C:\Dez\Work\Gamemaking\Visual Studio Projects\Lummute\Lummute\Debug\link.2376-cvtres.read.1.tlog
C:\Dez\Work\Gamemaking\Visual Studio Projects\Lummute\Lummute\Debug\link.2376-cvtres.write.1.tlog
C:\Dez\Work\Gamemaking\Visual Studio Projects\Lummute\Lummute\Debug\link.2428.read.1.tlog
C:\Dez\Work\Gamemaking\Visual Studio Projects\Lummute\Lummute\Debug\link.2428.read.2.tlog
C:\Dez\Work\Gamemaking\Visual Studio Projects\Lummute\Lummute\Debug\link.2428.write.1.tlog
C:\Dez\Work\Gamemaking\Visual Studio Projects\Lummute\Lummute\Debug\link.2428-cvtres.read.1.tlog
C:\Dez\Work\Gamemaking\Visual Studio Projects\Lummute\Lummute\Debug\link.2428-cvtres.write.1.tlog
C:\Dez\Work\Gamemaking\Visual Studio Projects\Lummute\Lummute\Debug\link.2584.read.1.tlog
C:\Dez\Work\Gamemaking\Visual Studio Projects\Lummute\Lummute\Debug\link.2584.read.2.tlog
C:\Dez\Work\Gamemaking\Visual Studio Projects\Lummute\Lummute\Debug\link.2584.write.1.tlog
C:\Dez\Work\Gamemaking\Visual Studio Projects\Lummute\Lummute\Debug\link.2584-cvtres.read.1.tlog
C:\Dez\Work\Gamemaking\Visual Studio Projects\Lummute\Lummute\Debug\link.2584-cvtres.write.1.tlog
C:\Dez\Work\Gamemaking\Visual Studio Projects\Lummute\Lummute\Debug\link.2616.read.1.tlog
C:\Dez\Work\Gamemaking\Visual Studio Projects\Lummute\Lummute\Debug\link.2616.read.2.tlog
C:\Dez\Work\Gamemaking\Visual Studio Projects\Lummute\Lummute\Debug\link.2616.write.1.tlog
C:\Dez\Work\Gamemaking\Visual Studio Projects\Lummute\Lummute\Debug\link.2616-cvtres.read.1.tlog
C:\Dez\Work\Gamemaking\Visual Studio Projects\Lummute\Lummute\Debug\link.2616-cvtres.write.1.tlog
C:\Dez\Work\Gamemaking\Visual Studio Projects\Lummute\Lummute\Debug\link.2636.read.1.tlog
C:\Dez\Work\Gamemaking\Visual Studio Projects\Lummute\Lummute\Debug\link.2636.read.2.tlog
C:\Dez\Work\Gamemaking\Visual Studio Projects\Lummute\Lummute\Debug\link.2636.write.1.tlog
C:\Dez\Work\Gamemaking\Visual Studio Projects\Lummute\Lummute\Debug\link.2636-cvtres.read.1.tlog
C:\Dez\Work\Gamemaking\Visual Studio Projects\Lummute\Lummute\Debug\link.2636-cvtres.write.1.tlog
C:\Dez\Work\Gamemaking\Visual Studio Projects\Lummute\Lummute\Debug\link.2948.read.1.tlog
C:\Dez\Work\Gamemaking\Visual Studio Projects\Lummute\Lummute\Debug\link.2948.read.2.tlog
C:\Dez\Work\Gamemaking\Visual Studio Projects\Lummute\Lummute\Debug\link.2948.write.1.tlog
C:\Dez\Work\Gamemaking\Visual Studio Projects\Lummute\Lummute\Debug\link.2948-cvtres.read.1.tlog
C:\Dez\Work\Gamemaking\Visual Studio Projects\Lummute\Lummute\Debug\link.2948-cvtres.write.1.tlog
C:\Dez\Work\Gamemaking\Visual Studio Projects\Lummute\Lummute\Debug\link.2972.read.1.tlog
C:\Dez\Work\Gamemaking\Visual Studio Projects\Lummute\Lummute\Debug\link.2972.read.2.tlog
C:\Dez\Work\Gamemaking\Visual Studio Projects\Lummute\Lummute\Debug\link.2972.write.1.tlog
C:\Dez\Work\Gamemaking\Visual Studio Projects\Lummute\Lummute\Debug\link.2972-cvtres.read.1.tlog
C:\Dez\Work\Gamemaking\Visual Studio Projects\Lummute\Lummute\Debug\link.2972-cvtres.write.1.tlog
C:\Dez\Work\Gamemaking\Visual Studio Projects\Lummute\Lummute\Debug\link.2988.read.1.tlog
C:\Dez\Work\Gamemaking\Visual Studio Projects\Lummute\Lummute\Debug\link.2988.write.1.tlog
C:\Dez\Work\Gamemaking\Visual Studio Projects\Lummute\Lummute\Debug\link.2988-cvtres.read.1.tlog
C:\Dez\Work\Gamemaking\Visual Studio Projects\Lummute\Lummute\Debug\link.2988-cvtres.write.1.tlog
C:\Dez\Work\Gamemaking\Visual Studio Projects\Lummute\Lummute\Debug\link.3140.read.1.tlog
C:\Dez\Work\Gamemaking\Visual Studio Projects\Lummute\Lummute\Debug\link.3140.write.1.tlog
C:\Dez\Work\Gamemaking\Visual Studio Projects\Lummute\Lummute\Debug\link.3140-cvtres.read.1.tlog
C:\Dez\Work\Gamemaking\Visual Studio Projects\Lummute\Lummute\Debug\link.3140-cvtres.write.1.tlog
C:\Dez\Work\Gamemaking\Visual Studio Projects\Lummute\Lummute\Debug\link.3164.read.1.tlog
C:\Dez\Work\Gamemaking\Visual Studio Projects\Lummute\Lummute\Debug\link.3164.write.1.tlog
C:\Dez\Work\Gamemaking\Visual Studio Projects\Lummute\Lummute\Debug\link.3164-cvtres.read.1.tlog
C:\Dez\Work\Gamemaking\Visual Studio Projects\Lummute\Lummute\Debug\link.3164-cvtres.write.1.tlog
C:\Dez\Work\Gamemaking\Visual Studio Projects\Lummute\Lummute\Debug\link.3648.read.1.tlog
C:\Dez\Work\Gamemaking\Visual Studio Projects\Lummute\Lummute\Debug\link.3648.read.2.tlog
C:\Dez\Work\Gamemaking\Visual Studio Projects\Lummute\Lummute\Debug\link.3648.write.1.tlog
C:\Dez\Work\Gamemaking\Visual Studio Projects\Lummute\Lummute\Debug\link.3648-cvtres.read.1.tlog
C:\Dez\Work\Gamemaking\Visual Studio Projects\Lummute\Lummute\Debug\link.3648-cvtres.write.1.tlog
C:\Dez\Work\Gamemaking\Visual Studio Projects\Lummute\Lummute\Debug\link.3696.read.1.tlog
C:\Dez\Work\Gamemaking\Visual Studio Projects\Lummute\Lummute\Debug\link.3696.read.2.tlog
C:\Dez\Work\Gamemaking\Visual Studio Projects\Lummute\Lummute\Debug\link.3696.write.1.tlog
C:\Dez\Work\Gamemaking\Visual Studio Projects\Lummute\Lummute\Debug\link.3696-cvtres.read.1.tlog
C:\Dez\Work\Gamemaking\Visual Studio Projects\Lummute\Lummute\Debug\link.3696-cvtres.write.1.tlog
C:\Dez\Work\Gamemaking\Visual Studio Projects\Lummute\Lummute\Debug\link.3936.read.1.tlog
C:\Dez\Work\Gamemaking\Visual Studio Projects\Lummute\Lummute\Debug\link.3936.read.2.tlog
C:\Dez\Work\Gamemaking\Visual Studio Projects\Lummute\Lummute\Debug\link.3936.write.1.tlog
C:\Dez\Work\Gamemaking\Visual Studio Projects\Lummute\Lummute\Debug\link.3936-cvtres.read.1.tlog
C:\Dez\Work\Gamemaking\Visual Studio Projects\Lummute\Lummute\Debug\link.3936-cvtres.write.1.tlog
C:\Dez\Work\Gamemaking\Visual Studio Projects\Lummute\Lummute\Debug\link.3964.read.1.tlog
C:\Dez\Work\Gamemaking\Visual Studio Projects\Lummute\Lummute\Debug\link.3964.read.2.tlog
C:\Dez\Work\Gamemaking\Visual Studio Projects\Lummute\Lummute\Debug\link.3964.write.1.tlog
C:\Dez\Work\Gamemaking\Visual Studio Projects\Lummute\Lummute\Debug\link.3964-cvtres.read.1.tlog
C:\Dez\Work\Gamemaking\Visual Studio Projects\Lummute\Lummute\Debug\link.3964-cvtres.write.1.tlog
C:\Dez\Work\Gamemaking\Visual Studio Projects\Lummute\Lummute\Debug\link.4028.read.1.tlog
C:\Dez\Work\Gamemaking\Visual Studio Projects\Lummute\Lummute\Debug\link.4028.read.2.tlog
C:\Dez\Work\Gamemaking\Visual Studio Projects\Lummute\Lummute\Debug\link.4028.write.1.tlog
C:\Dez\Work\Gamemaking\Visual Studio Projects\Lummute\Lummute\Debug\link.4028-cvtres.read.1.tlog
C:\Dez\Work\Gamemaking\Visual Studio Projects\Lummute\Lummute\Debug\link.4028-cvtres.write.1.tlog
C:\Dez\Work\Gamemaking\Visual Studio Projects\Lummute\Lummute\Debug\link.4172.read.1.tlog
C:\Dez\Work\Gamemaking\Visual Studio Projects\Lummute\Lummute\Debug\link.4172.read.2.tlog
C:\Dez\Work\Gamemaking\Visual Studio Projects\Lummute\Lummute\Debug\link.4172.write.1.tlog
C:\Dez\Work\Gamemaking\Visual Studio Projects\Lummute\Lummute\Debug\link.4172-cvtres.read.1.tlog
C:\Dez\Work\Gamemaking\Visual Studio Projects\Lummute\Lummute\Debug\link.4172-cvtres.write.1.tlog
C:\Dez\Work\Gamemaking\Visual Studio Projects\Lummute\Lummute\Debug\link.4188.read.1.tlog
C:\Dez\Work\Gamemaking\Visual Studio Projects\Lummute\Lummute\Debug\link.4188.read.2.tlog
C:\Dez\Work\Gamemaking\Visual Studio Projects\Lummute\Lummute\Debug\link.4188.write.1.tlog
C:\Dez\Work\Gamemaking\Visual Studio Projects\Lummute\Lummute\Debug\link.4188-cvtres.read.1.tlog
C:\Dez\Work\Gamemaking\Visual Studio Projects\Lummute\Lummute\Debug\link.4188-cvtres.write.1.tlog
C:\Dez\Work\Gamemaking\Visual Studio Projects\Lummute\Lummute\Debug\link.4216.read.1.tlog
C:\Dez\Work\Gamemaking\Visual Studio Projects\Lummute\Lummute\Debug\link.4216.read.2.tlog
C:\Dez\Work\Gamemaking\Visual Studio Projects\Lummute\Lummute\Debug\link.4216.write.1.tlog
C:\Dez\Work\Gamemaking\Visual Studio Projects\Lummute\Lummute\Debug\link.4216-cvtres.read.1.tlog
C:\Dez\Work\Gamemaking\Visual Studio Projects\Lummute\Lummute\Debug\link.4216-cvtres.write.1.tlog
C:\Dez\Work\Gamemaking\Visual Studio Projects\Lummute\Lummute\Debug\link.4440.read.1.tlog
C:\Dez\Work\Gamemaking\Visual Studio Projects\Lummute\Lummute\Debug\link.4440.write.1.tlog
C:\Dez\Work\Gamemaking\Visual Studio Projects\Lummute\Lummute\Debug\link.4440-cvtres.read.1.tlog
C:\Dez\Work\Gamemaking\Visual Studio Projects\Lummute\Lummute\Debug\link.4440-cvtres.write.1.tlog
C:\Dez\Work\Gamemaking\Visual Studio Projects\Lummute\Lummute\Debug\link.4620.read.1.tlog
C:\Dez\Work\Gamemaking\Visual Studio Projects\Lummute\Lummute\Debug\link.4620.write.1.tlog
C:\Dez\Work\Gamemaking\Visual Studio Projects\Lummute\Lummute\Debug\link.4620-cvtres.read.1.tlog
C:\Dez\Work\Gamemaking\Visual Studio Projects\Lummute\Lummute\Debug\link.4620-cvtres.write.1.tlog
C:\Dez\Work\Gamemaking\Visual Studio Projects\Lummute\Lummute\Debug\link.4652.read.1.tlog
C:\Dez\Work\Gamemaking\Visual Studio Projects\Lummute\Lummute\Debug\link.4652.read.2.tlog
C:\Dez\Work\Gamemaking\Visual Studio Projects\Lummute\Lummute\Debug\link.4652.write.1.tlog
C:\Dez\Work\Gamemaking\Visual Studio Projects\Lummute\Lummute\Debug\link.4652-cvtres.read.1.tlog
C:\Dez\Work\Gamemaking\Visual Studio Projects\Lummute\Lummute\Debug\link.4652-cvtres.write.1.tlog
C:\Dez\Work\Gamemaking\Visual Studio Projects\Lummute\Lummute\Debug\link.4724.read.1.tlog
C:\Dez\Work\Gamemaking\Visual Studio Projects\Lummute\Lummute\Debug\link.4724.read.2.tlog
C:\Dez\Work\Gamemaking\Visual Studio Projects\Lummute\Lummute\Debug\link.4724.write.1.tlog
C:\Dez\Work\Gamemaking\Visual Studio Projects\Lummute\Lummute\Debug\link.4724-cvtres.read.1.tlog
C:\Dez\Work\Gamemaking\Visual Studio Projects\Lummute\Lummute\Debug\link.4724-cvtres.write.1.tlog
C:\Dez\Work\Gamemaking\Visual Studio Projects\Lummute\Lummute\Debug\link.4816.read.1.tlog
C:\Dez\Work\Gamemaking\Visual Studio Projects\Lummute\Lummute\Debug\link.4816.write.1.tlog
C:\Dez\Work\Gamemaking\Visual Studio Projects\Lummute\Lummute\Debug\link.4816-cvtres.read.1.tlog
C:\Dez\Work\Gamemaking\Visual Studio Projects\Lummute\Lummute\Debug\link.4816-cvtres.write.1.tlog
C:\Dez\Work\Gamemaking\Visual Studio Projects\Lummute\Lummute\Debug\link.4820.read.1.tlog
C:\Dez\Work\Gamemaking\Visual Studio Projects\Lummute\Lummute\Debug\link.4820.read.2.tlog
C:\Dez\Work\Gamemaking\Visual Studio Projects\Lummute\Lummute\Debug\link.4820.write.1.tlog
C:\Dez\Work\Gamemaking\Visual Studio Projects\Lummute\Lummute\Debug\link.4820-cvtres.read.1.tlog
C:\Dez\Work\Gamemaking\Visual Studio Projects\Lummute\Lummute\Debug\link.4820-cvtres.write.1.tlog
C:\Dez\Work\Gamemaking\Visual Studio Projects\Lummute\Lummute\Debug\link.4832.read.1.tlog
C:\Dez\Work\Gamemaking\Visual Studio Projects\Lummute\Lummute\Debug\link.4832.read.2.tlog
C:\Dez\Work\Gamemaking\Visual Studio Projects\Lummute\Lummute\Debug\link.4832.write.1.tlog
C:\Dez\Work\Gamemaking\Visual Studio Projects\Lummute\Lummute\Debug\link.4832-cvtres.read.1.tlog
C:\Dez\Work\Gamemaking\Visual Studio Projects\Lummute\Lummute\Debug\link.4832-cvtres.write.1.tlog
C:\Dez\Work\Gamemaking\Visual Studio Projects\Lummute\Lummute\Debug\link.4992.read.1.tlog
C:\Dez\Work\Gamemaking\Visual Studio Projects\Lummute\Lummute\Debug\link.4992.read.2.tlog
C:\Dez\Work\Gamemaking\Visual Studio Projects\Lummute\Lummute\Debug\link.4992.write.1.tlog
C:\Dez\Work\Gamemaking\Visual Studio Projects\Lummute\Lummute\Debug\link.4992-cvtres.read.1.tlog
C:\Dez\Work\Gamemaking\Visual Studio Projects\Lummute\Lummute\Debug\link.4992-cvtres.write.1.tlog
C:\Dez\Work\Gamemaking\Visual Studio Projects\Lummute\Lummute\Debug\link.5036.read.1.tlog
C:\Dez\Work\Gamemaking\Visual Studio Projects\Lummute\Lummute\Debug\link.5036.read.2.tlog
C:\Dez\Work\Gamemaking\Visual Studio Projects\Lummute\Lummute\Debug\link.5036.write.1.tlog
C:\Dez\Work\Gamemaking\Visual Studio Projects\Lummute\Lummute\Debug\link.5036-cvtres.read.1.tlog
C:\Dez\Work\Gamemaking\Visual Studio Projects\Lummute\Lummute\Debug\link.5036-cvtres.write.1.tlog
C:\Dez\Work\Gamemaking\Visual Studio Projects\Lummute\Lummute\Debug\link.5060.read.1.tlog
C:\Dez\Work\Gamemaking\Visual Studio Projects\Lummute\Lummute\Debug\link.5060.read.2.tlog
C:\Dez\Work\Gamemaking\Visual Studio Projects\Lummute\Lummute\Debug\link.5060.write.1.tlog
C:\Dez\Work\Gamemaking\Visual Studio Projects\Lummute\Lummute\Debug\link.5060-cvtres.read.1.tlog
C:\Dez\Work\Gamemaking\Visual Studio Projects\Lummute\Lummute\Debug\link.5060-cvtres.write.1.tlog
C:\Dez\Work\Gamemaking\Visual Studio Projects\Lummute\Lummute\Debug\link.5144.read.1.tlog
C:\Dez\Work\Gamemaking\Visual Studio Projects\Lummute\Lummute\Debug\link.5144.read.2.tlog
C:\Dez\Work\Gamemaking\Visual Studio Projects\Lummute\Lummute\Debug\link.5144.write.1.tlog
C:\Dez\Work\Gamemaking\Visual Studio Projects\Lummute\Lummute\Debug\link.5144-cvtres.read.1.tlog
C:\Dez\Work\Gamemaking\Visual Studio Projects\Lummute\Lummute\Debug\link.5144-cvtres.write.1.tlog
C:\Dez\Work\Gamemaking\Visual Studio Projects\Lummute\Lummute\Debug\link.5220.read.1.tlog
C:\Dez\Work\Gamemaking\Visual Studio Projects\Lummute\Lummute\Debug\link.5220.read.2.tlog
C:\Dez\Work\Gamemaking\Visual Studio Projects\Lummute\Lummute\Debug\link.5220.write.1.tlog
C:\Dez\Work\Gamemaking\Visual Studio Projects\Lummute\Lummute\Debug\link.5220-cvtres.read.1.tlog
C:\Dez\Work\Gamemaking\Visual Studio Projects\Lummute\Lummute\Debug\link.5220-cvtres.write.1.tlog
C:\Dez\Work\Gamemaking\Visual Studio Projects\Lummute\Lummute\Debug\link.5388.read.1.tlog
C:\Dez\Work\Gamemaking\Visual Studio Projects\Lummute\Lummute\Debug\link.5388.write.1.tlog
C:\Dez\Work\Gamemaking\Visual Studio Projects\Lummute\Lummute\Debug\link.5388-cvtres.read.1.tlog
C:\Dez\Work\Gamemaking\Visual Studio Projects\Lummute\Lummute\Debug\link.5388-cvtres.write.1.tlog
C:\Dez\Work\Gamemaking\Visual Studio Projects\Lummute\Lummute\Debug\link.5436.read.1.tlog
C:\Dez\Work\Gamemaking\Visual Studio Projects\Lummute\Lummute\Debug\link.5436.read.2.tlog
C:\Dez\Work\Gamemaking\Visual Studio Projects\Lummute\Lummute\Debug\link.5436.write.1.tlog
C:\Dez\Work\Gamemaking\Visual Studio Projects\Lummute\Lummute\Debug\link.5436-cvtres.read.1.tlog
C:\Dez\Work\Gamemaking\Visual Studio Projects\Lummute\Lummute\Debug\link.5436-cvtres.write.1.tlog
C:\Dez\Work\Gamemaking\Visual Studio Projects\Lummute\Lummute\Debug\link.5448.read.1.tlog
C:\Dez\Work\Gamemaking\Visual Studio Projects\Lummute\Lummute\Debug\link.5448.read.2.tlog
C:\Dez\Work\Gamemaking\Visual Studio Projects\Lummute\Lummute\Debug\link.5448.write.1.tlog
C:\Dez\Work\Gamemaking\Visual Studio Projects\Lummute\Lummute\Debug\link.5448-cvtres.read.1.tlog
C:\Dez\Work\Gamemaking\Visual Studio Projects\Lummute\Lummute\Debug\link.5448-cvtres.write.1.tlog
C:\Dez\Work\Gamemaking\Visual Studio Projects\Lummute\Lummute\Debug\link.5452.read.1.tlog
C:\Dez\Work\Gamemaking\Visual Studio Projects\Lummute\Lummute\Debug\link.5452.read.2.tlog
C:\Dez\Work\Gamemaking\Visual Studio Projects\Lummute\Lummute\Debug\link.5452.write.1.tlog
C:\Dez\Work\Gamemaking\Visual Studio Projects\Lummute\Lummute\Debug\link.5452-cvtres.read.1.tlog
C:\Dez\Work\Gamemaking\Visual Studio Projects\Lummute\Lummute\Debug\link.5452-cvtres.write.1.tlog
C:\Dez\Work\Gamemaking\Visual Studio Projects\Lummute\Lummute\Debug\link.5472.read.1.tlog
C:\Dez\Work\Gamemaking\Visual Studio Projects\Lummute\Lummute\Debug\link.5472.write.1.tlog
C:\Dez\Work\Gamemaking\Visual Studio Projects\Lummute\Lummute\Debug\link.5472-cvtres.read.1.tlog
C:\Dez\Work\Gamemaking\Visual Studio Projects\Lummute\Lummute\Debug\link.5472-cvtres.write.1.tlog
C:\Dez\Work\Gamemaking\Visual Studio Projects\Lummute\Lummute\Debug\link.5480.read.1.tlog
C:\Dez\Work\Gamemaking\Visual Studio Projects\Lummute\Lummute\Debug\link.5480.write.1.tlog
C:\Dez\Work\Gamemaking\Visual Studio Projects\Lummute\Lummute\Debug\link.5480-cvtres.read.1.tlog
C:\Dez\Work\Gamemaking\Visual Studio Projects\Lummute\Lummute\Debug\link.5480-cvtres.write.1.tlog
C:\Dez\Work\Gamemaking\Visual Studio Projects\Lummute\Lummute\Debug\link.5484.read.1.tlog
C:\Dez\Work\Gamemaking\Visual Studio Projects\Lummute\Lummute\Debug\link.5484.read.2.tlog
C:\Dez\Work\Gamemaking\Visual Studio Projects\Lummute\Lummute\Debug\link.5484.write.1.tlog
C:\Dez\Work\Gamemaking\Visual Studio Projects\Lummute\Lummute\Debug\link.5484-cvtres.read.1.tlog
C:\Dez\Work\Gamemaking\Visual Studio Projects\Lummute\Lummute\Debug\link.5484-cvtres.write.1.tlog
C:\Dez\Work\Gamemaking\Visual Studio Projects\Lummute\Lummute\Debug\link.5512.read.1.tlog
C:\Dez\Work\Gamemaking\Visual Studio Projects\Lummute\Lummute\Debug\link.5512.write.1.tlog
C:\Dez\Work\Gamemaking\Visual Studio Projects\Lummute\Lummute\Debug\link.5512-cvtres.read.1.tlog
C:\Dez\Work\Gamemaking\Visual Studio Projects\Lummute\Lummute\Debug\link.5512-cvtres.write.1.tlog
C:\Dez\Work\Gamemaking\Visual Studio Projects\Lummute\Lummute\Debug\link.5688.read.1.tlog
C:\Dez\Work\Gamemaking\Visual Studio Projects\Lummute\Lummute\Debug\link.5688.write.1.tlog
C:\Dez\Work\Gamemaking\Visual Studio Projects\Lummute\Lummute\Debug\link.5688-cvtres.read.1.tlog
C:\Dez\Work\Gamemaking\Visual Studio Projects\Lummute\Lummute\Debug\link.5688-cvtres.write.1.tlog
C:\Dez\Work\Gamemaking\Visual Studio Projects\Lummute\Lummute\Debug\link.5720.read.1.tlog
C:\Dez\Work\Gamemaking\Visual Studio Projects\Lummute\Lummute\Debug\link.5720.read.2.tlog
C:\Dez\Work\Gamemaking\Visual Studio Projects\Lummute\Lummute\Debug\link.5720.write.1.tlog
C:\Dez\Work\Gamemaking\Visual Studio Projects\Lummute\Lummute\Debug\link.5720-cvtres.read.1.tlog
C:\Dez\Work\Gamemaking\Visual Studio Projects\Lummute\Lummute\Debug\link.5720-cvtres.write.1.tlog
C:\Dez\Work\Gamemaking\Visual Studio Projects\Lummute\Lummute\Debug\link.5780.read.1.tlog
C:\Dez\Work\Gamemaking\Visual Studio Projects\Lummute\Lummute\Debug\link.5780.read.2.tlog
C:\Dez\Work\Gamemaking\Visual Studio Projects\Lummute\Lummute\Debug\link.5780.write.1.tlog
C:\Dez\Work\Gamemaking\Visual Studio Projects\Lummute\Lummute\Debug\link.5780-cvtres.read.1.tlog
C:\Dez\Work\Gamemaking\Visual Studio Projects\Lummute\Lummute\Debug\link.5780-cvtres.write.1.tlog
C:\Dez\Work\Gamemaking\Visual Studio Projects\Lummute\Lummute\Debug\link.5788.read.1.tlog
C:\Dez\Work\Gamemaking\Visual Studio Projects\Lummute\Lummute\Debug\link.5788.read.2.tlog
C:\Dez\Work\Gamemaking\Visual Studio Projects\Lummute\Lummute\Debug\link.5788.write.1.tlog
C:\Dez\Work\Gamemaking\Visual Studio Projects\Lummute\Lummute\Debug\link.5788-cvtres.read.1.tlog
C:\Dez\Work\Gamemaking\Visual Studio Projects\Lummute\Lummute\Debug\link.5788-cvtres.write.1.tlog
C:\Dez\Work\Gamemaking\Visual Studio Projects\Lummute\Lummute\Debug\link.5820.read.1.tlog
C:\Dez\Work\Gamemaking\Visual Studio Projects\Lummute\Lummute\Debug\link.5820.read.2.tlog
C:\Dez\Work\Gamemaking\Visual Studio Projects\Lummute\Lummute\Debug\link.5820.write.1.tlog
C:\Dez\Work\Gamemaking\Visual Studio Projects\Lummute\Lummute\Debug\link.5820-cvtres.read.1.tlog
C:\Dez\Work\Gamemaking\Visual Studio Projects\Lummute\Lummute\Debug\link.5820-cvtres.write.1.tlog
C:\Dez\Work\Gamemaking\Visual Studio Projects\Lummute\Lummute\Debug\link.5828.read.1.tlog
C:\Dez\Work\Gamemaking\Visual Studio Projects\Lummute\Lummute\Debug\link.5828.write.1.tlog
C:\Dez\Work\Gamemaking\Visual Studio Projects\Lummute\Lummute\Debug\link.5828-cvtres.read.1.tlog
C:\Dez\Work\Gamemaking\Visual Studio Projects\Lummute\Lummute\Debug\link.5828-cvtres.write.1.tlog
C:\Dez\Work\Gamemaking\Visual Studio Projects\Lummute\Lummute\Debug\link.5936.read.1.tlog
C:\Dez\Work\Gamemaking\Visual Studio Projects\Lummute\Lummute\Debug\link.5936.read.2.tlog
C:\Dez\Work\Gamemaking\Visual Studio Projects\Lummute\Lummute\Debug\link.5936.write.1.tlog
C:\Dez\Work\Gamemaking\Visual Studio Projects\Lummute\Lummute\Debug\link.5936-cvtres.read.1.tlog
C:\Dez\Work\Gamemaking\Visual Studio Projects\Lummute\Lummute\Debug\link.5936-cvtres.write.1.tlog
C:\Dez\Work\Gamemaking\Visual Studio Projects\Lummute\Lummute\Debug\link.5964.read.1.tlog
C:\Dez\Work\Gamemaking\Visual Studio Projects\Lummute\Lummute\Debug\link.5964.write.1.tlog
C:\Dez\Work\Gamemaking\Visual Studio Projects\Lummute\Lummute\Debug\link.5964-cvtres.read.1.tlog
C:\Dez\Work\Gamemaking\Visual Studio Projects\Lummute\Lummute\Debug\link.5964-cvtres.write.1.tlog
C:\Dez\Work\Gamemaking\Visual Studio Projects\Lummute\Lummute\Debug\link.6000.read.1.tlog
C:\Dez\Work\Gamemaking\Visual Studio Projects\Lummute\Lummute\Debug\link.6000.write.1.tlog
C:\Dez\Work\Gamemaking\Visual Studio Projects\Lummute\Lummute\Debug\link.6000-cvtres.read.1.tlog
C:\Dez\Work\Gamemaking\Visual Studio Projects\Lummute\Lummute\Debug\link.6000-cvtres.write.1.tlog
C:\Dez\Work\Gamemaking\Visual Studio Projects\Lummute\Lummute\Debug\link.824.read.1.tlog
C:\Dez\Work\Gamemaking\Visual Studio Projects\Lummute\Lummute\Debug\link.824.read.2.tlog
C:\Dez\Work\Gamemaking\Visual Studio Projects\Lummute\Lummute\Debug\link.824.write.1.tlog
C:\Dez\Work\Gamemaking\Visual Studio Projects\Lummute\Lummute\Debug\link.824-cvtres.read.1.tlog
C:\Dez\Work\Gamemaking\Visual Studio Projects\Lummute\Lummute\Debug\link.824-cvtres.write.1.tlog
C:\Dez\Work\Gamemaking\Visual Studio Projects\Lummute\Lummute\Debug\link.command.1.tlog
C:\Dez\Work\Gamemaking\Visual Studio Projects\Lummute\Lummute\Debug\link.read.1.tlog
C:\Dez\Work\Gamemaking\Visual Studio Projects\Lummute\Lummute\Debug\link.read.2.tlog
C:\Dez\Work\Gamemaking\Visual Studio Projects\Lummute\Lummute\Debug\link.write.1.tlog
C:\Dez\Work\Gamemaking\Visual Studio Projects\Lummute\Lummute\Debug\link-cvtres.read.1.tlog
C:\Dez\Work\Gamemaking\Visual Studio Projects\Lummute\Lummute\Debug\link-cvtres.write.1.tlog
C:\DEZ\WORK\GAMEMAKING\VISUAL STUDIO PROJECTS\LUMMUTE\LUMMUTE\DEBUG\LUMMUTE.EXE.EMBED.MANIFEST
C:\DEZ\WORK\GAMEMAKING\VISUAL STUDIO PROJECTS\LUMMUTE\LUMMUTE\DEBUG\LUMMUTE.EXE.EMBED.MANIFEST.RES
C:\Dez\Work\Gamemaking\Visual Studio Projects\Lummute\Lummute\Debug\Lummute.exe.intermediate.manifest
C:\Dez\Work\Gamemaking\Visual Studio Projects\Lummute\Lummute\Debug\Lummute_manifest.rc
C:\DEZ\WORK\GAMEMAKING\VISUAL STUDIO PROJECTS\LUMMUTE\LUMMUTE\DEBUG\MAIN.OBJ
C:\Dez\Work\Gamemaking\Visual Studio Projects\Lummute\Lummute\Debug\mt.command.1.tlog
C:\Dez\Work\Gamemaking\Visual Studio Projects\Lummute\Lummute\Debug\mt.read.1.tlog
C:\Dez\Work\Gamemaking\Visual Studio Projects\Lummute\Lummute\Debug\mt.write.1.tlog
C:\DEZ\WORK\GAMEMAKING\VISUAL STUDIO PROJECTS\LUMMUTE\LUMMUTE\DEBUG\PHYSICS.OBJ
C:\Dez\Work\Gamemaking\Visual Studio Projects\Lummute\Lummute\Debug\rc.command.1.tlog
C:\Dez\Work\Gamemaking\Visual Studio Projects\Lummute\Lummute\Debug\rc.read.1.tlog
C:\Dez\Work\Gamemaking\Visual Studio Projects\Lummute\Lummute\Debug\rc.write.1.tlog
C:\DEZ\WORK\GAMEMAKING\VISUAL STUDIO PROJECTS\LUMMUTE\LUMMUTE\DEBUG\SETTINGS.OBJ
C:\Dez\Work\Gamemaking\Visual Studio Projects\Lummute\Lummute\Debug\vc100.idb
C:\DEZ\WORK\GAMEMAKING\VISUAL STUDIO PROJECTS\LUMMUTE\LUMMUTE\DEBUG\VC100.PDB
C:\DEZ\WORK\GAMEMAKING\VISUAL STUDIO PROJECTS\LUMMUTE\LUMMUTE\DEBUG\VIDEO.OBJ
