Build started 5/26/2011 5:05:37 PM.
     1>Project "C:\Dez\Work\Gamemaking\Visual Studio Projects\Lummute\Lummute\Lummute.vcxproj" on node 2 (build target(s)).
     1>InitializeBuildStatus:
         Creating "Release\Lummute.unsuccessfulbuild" because "AlwaysCreate" was specified.
       ClCompile:
         C:\Program Files (x86)\Microsoft Visual Studio 10.0\VC\bin\CL.exe /c /Zi /nologo /W3 /WX- /O2 /Oi /Oy- /GL /D WIN32 /D NDEBUG /D _CONSOLE /D _UNICODE /D UNICODE /Gm- /EHsc /MD /GS /Gy /fp:precise /Zc:wchar_t /Zc:forScope /Fo"Release\\" /Fd"Release\vc100.pdb" /Gd /TP /analyze- /errorReport:prompt Main.cpp
         Main.cpp
       Link:
         C:\Program Files (x86)\Microsoft Visual Studio 10.0\VC\bin\link.exe /ERRORREPORT:PROMPT /OUT:"C:\Dez\Work\Gamemaking\Visual Studio Projects\Lummute\Release\Lummute.exe" /INCREMENTAL:NO /NOLOGO "sfml-system-s.lib" "sfml-window-s.lib" "sfml-graphics-s.lib" "sfml-audio-s.lib" opengl32.lib glu32.lib kernel32.lib user32.lib gdi32.lib winspool.lib comdlg32.lib advapi32.lib shell32.lib ole32.lib oleaut32.lib uuid.lib odbc32.lib odbccp32.lib /MANIFEST /ManifestFile:"Release\Lummute.exe.intermediate.manifest" /MANIFESTUAC:"level='asInvoker' uiAccess='false'" /DEBUG /PDB:"C:\Dez\Work\Gamemaking\Visual Studio Projects\Lummute\Release\Lummute.pdb" /SUBSYSTEM:CONSOLE /OPT:REF /OPT:ICF /LTCG /TLBID:1 /DYNAMICBASE /NXCOMPAT /IMPLIB:"C:\Dez\Work\Gamemaking\Visual Studio Projects\Lummute\Release\Lummute.lib" /MACHINE:X86 Release\Audio.obj
         Release\Calculations.obj
         Release\DataStore.obj
         Release\Input.obj
         Release\Main.obj
         Release\Physics.obj
         Release\Settings.obj
         Release\Video.obj
     1>LINK : warning LNK4098: defaultlib 'LIBCMT' conflicts with use of other libs; use /NODEFAULTLIB:library
         Generating code
         Finished generating code
         Lummute.vcxproj -> C:\Dez\Work\Gamemaking\Visual Studio Projects\Lummute\Release\Lummute.exe
       Manifest:
         C:\Program Files (x86)\Microsoft SDKs\Windows\v7.0A\bin\mt.exe /nologo /verbose /outputresource:"C:\Dez\Work\Gamemaking\Visual Studio Projects\Lummute\Release\Lummute.exe;#1" /manifest Release\Lummute.exe.intermediate.manifest
       FinalizeBuildStatus:
         Deleting file "Release\Lummute.unsuccessfulbuild".
         Touching "Release\Lummute.lastbuildstate".
     1>Done Building Project "C:\Dez\Work\Gamemaking\Visual Studio Projects\Lummute\Lummute\Lummute.vcxproj" (build target(s)).

Build succeeded.

Time Elapsed 00:00:03.46
